<?xml version="1.0" encoding="UTF-8"?>
<!-- Generated by org.testng.reporters.JUnitXMLReporter -->
<testsuite hostname="IND-TJaiswal" name="Test2" tests="3" failures="0" timestamp="3 Aug 2017 12:26:35 GMT" time="38.31" errors="0">
  <testcase name="verifyAdminLogin" time="5.109" classname="com.orangeHRM.commons.testscripts.TC003_AgainLoginAdminAndUser"/>
  <testcase name="verifyApprovalByAdmin" time="13.926" classname="com.orangeHRM.commons.testscripts.TC003_AgainLoginAdminAndUser"/>
  <testcase name="verifyApproavlByUser" time="8.075" classname="com.orangeHRM.commons.testscripts.TC003_AgainLoginAdminAndUser"/>
</testsuite> <!-- Test2 -->
