<?xml version="1.0" encoding="UTF-8"?>
<!-- Generated by org.testng.reporters.JUnitXMLReporter -->
<testsuite hostname="IND-TJaiswal" name="Test" tests="2" failures="0" timestamp="3 Aug 2017 09:44:35 GMT" time="62.016" errors="0">
  <testcase name="verifyLoginWithCreadentials" time="8.874" classname="com.orangeHRM.commons.testscripts.TC001_VerifyAdminLoginCredentials"/>
  <testcase name="verifyUserAccountdetails" time="40.902" classname="com.orangeHRM.commons.testscripts.TC001_VerifyAdminLoginCredentials"/>
</testsuite> <!-- Test -->
