<?xml version="1.0" encoding="UTF-8"?>
<!-- Generated by org.testng.reporters.JUnitXMLReporter -->
<testsuite hostname="IND-TJaiswal" name="Test" tests="2" failures="0" timestamp="4 Aug 2017 07:14:00 GMT" time="93.238" errors="0">
  <testcase name="verifyLoginWithCreadentials" time="10.071" classname="com.orangeHRM.commons.testscripts.TC001_VerifyAdminLoginCredentials"/>
  <testcase name="verifyUserAccountdetails" time="72.547" classname="com.orangeHRM.commons.testscripts.TC001_VerifyAdminLoginCredentials"/>
</testsuite> <!-- Test -->
