<?xml version="1.0" encoding="UTF-8"?>
<testng-results skipped="0" failed="2" total="6" passed="4">
  <reporter-output>
  </reporter-output>
  <suite name="Suite" duration-ms="176938" started-at="2017-08-04T05:05:21Z" finished-at="2017-08-04T05:08:18Z">
    <groups>
    </groups>
    <test name="Test" duration-ms="62182" started-at="2017-08-04T05:05:21Z" finished-at="2017-08-04T05:06:23Z">
      <class name="com.orangeHRM.commons.testscripts.TC001_VerifyAdminLoginCredentials">
        <test-method status="PASS" signature="setUp()[pri:0, instance:com.orangeHRM.commons.testscripts.TC001_VerifyAdminLoginCredentials@685cb137]" name="setUp" is-config="true" duration-ms="11177" started-at="2017-08-04T10:35:21Z" finished-at="2017-08-04T10:35:32Z">
          <reporter-output>
          </reporter-output>
        </test-method> <!-- setUp -->
        <test-method status="PASS" signature="verifyLoginWithCreadentials()[pri:0, instance:com.orangeHRM.commons.testscripts.TC001_VerifyAdminLoginCredentials@685cb137]" name="verifyLoginWithCreadentials" duration-ms="8761" started-at="2017-08-04T10:35:32Z" finished-at="2017-08-04T10:35:41Z">
          <reporter-output>
          </reporter-output>
        </test-method> <!-- verifyLoginWithCreadentials -->
        <test-method status="PASS" signature="verifyUserAccountdetails()[pri:0, instance:com.orangeHRM.commons.testscripts.TC001_VerifyAdminLoginCredentials@685cb137]" name="verifyUserAccountdetails" duration-ms="42210" started-at="2017-08-04T10:35:41Z" finished-at="2017-08-04T10:36:23Z">
          <reporter-output>
          </reporter-output>
        </test-method> <!-- verifyUserAccountdetails -->
        <test-method status="PASS" signature="closeDriver()[pri:0, instance:com.orangeHRM.commons.testscripts.TC001_VerifyAdminLoginCredentials@685cb137]" name="closeDriver" is-config="true" duration-ms="18" started-at="2017-08-04T10:36:23Z" finished-at="2017-08-04T10:36:23Z">
          <reporter-output>
          </reporter-output>
        </test-method> <!-- closeDriver -->
      </class> <!-- com.orangeHRM.commons.testscripts.TC001_VerifyAdminLoginCredentials -->
    </test> <!-- Test -->
    <test name="Test1" duration-ms="33598" started-at="2017-08-04T05:06:23Z" finished-at="2017-08-04T05:06:57Z">
      <class name="com.orangeHRM.commons.testscripts.TC002_VerifyUserLoginCredentials">
        <test-method status="PASS" signature="setUp()[pri:0, instance:com.orangeHRM.commons.testscripts.TC002_VerifyUserLoginCredentials@5700d6b1]" name="setUp" is-config="true" duration-ms="9345" started-at="2017-08-04T10:36:23Z" finished-at="2017-08-04T10:36:32Z">
          <reporter-output>
          </reporter-output>
        </test-method> <!-- setUp -->
        <test-method status="PASS" signature="verifyUserLoginWithCreadentials()[pri:0, instance:com.orangeHRM.commons.testscripts.TC002_VerifyUserLoginCredentials@5700d6b1]" name="verifyUserLoginWithCreadentials" duration-ms="24241" started-at="2017-08-04T10:36:32Z" finished-at="2017-08-04T10:36:57Z">
          <reporter-output>
          </reporter-output>
        </test-method> <!-- verifyUserLoginWithCreadentials -->
        <test-method status="PASS" signature="closeDriver()[pri:0, instance:com.orangeHRM.commons.testscripts.TC002_VerifyUserLoginCredentials@5700d6b1]" name="closeDriver" is-config="true" duration-ms="11" started-at="2017-08-04T10:36:57Z" finished-at="2017-08-04T10:36:57Z">
          <reporter-output>
          </reporter-output>
        </test-method> <!-- closeDriver -->
      </class> <!-- com.orangeHRM.commons.testscripts.TC002_VerifyUserLoginCredentials -->
    </test> <!-- Test1 -->
    <test name="Test2" duration-ms="81135" started-at="2017-08-04T05:06:57Z" finished-at="2017-08-04T05:08:18Z">
      <class name="com.orangeHRM.commons.testscripts.TC003_AgainLoginAdminAndUser">
        <test-method status="PASS" signature="setUp()[pri:0, instance:com.orangeHRM.commons.testscripts.TC003_AgainLoginAdminAndUser@490ab905]" name="setUp" is-config="true" duration-ms="9077" started-at="2017-08-04T10:36:57Z" finished-at="2017-08-04T10:37:06Z">
          <reporter-output>
          </reporter-output>
        </test-method> <!-- setUp -->
        <test-method status="PASS" signature="verifyAdminLogin()[pri:0, instance:com.orangeHRM.commons.testscripts.TC003_AgainLoginAdminAndUser@490ab905]" name="verifyAdminLogin" duration-ms="4783" started-at="2017-08-04T10:37:06Z" finished-at="2017-08-04T10:37:10Z">
          <reporter-output>
          </reporter-output>
        </test-method> <!-- verifyAdminLogin -->
        <test-method status="FAIL" signature="verifyApprovalByAdmin()[pri:0, instance:com.orangeHRM.commons.testscripts.TC003_AgainLoginAdminAndUser@490ab905]" name="verifyApprovalByAdmin" duration-ms="37158" started-at="2017-08-04T10:37:10Z" finished-at="2017-08-04T10:37:48Z">
          <exception class="org.openqa.selenium.NoSuchElementException">
            <message>
              <![CDATA[Unable to locate element: {"method":"id","selector":"select_leave_action_7"}
Command duration or timeout: 30.10 seconds]]>
            </message>
            <full-stacktrace>
              <![CDATA[org.openqa.selenium.NoSuchElementException: Unable to locate element: {"method":"id","selector":"select_leave_action_7"}
Command duration or timeout: 30.10 seconds
	at sun.reflect.NativeConstructorAccessorImpl.newInstance0(Native Method)
	at sun.reflect.NativeConstructorAccessorImpl.newInstance(Unknown Source)
	at sun.reflect.DelegatingConstructorAccessorImpl.newInstance(Unknown Source)
	at java.lang.reflect.Constructor.newInstance(Unknown Source)
	at org.openqa.selenium.remote.ErrorHandler.createThrowable(ErrorHandler.java:216)
	at org.openqa.selenium.remote.ErrorHandler.throwIfResponseFailed(ErrorHandler.java:168)
	at org.openqa.selenium.remote.RemoteWebDriver.execute(RemoteWebDriver.java:635)
	at org.openqa.selenium.remote.RemoteWebDriver.findElement(RemoteWebDriver.java:368)
	at org.openqa.selenium.remote.RemoteWebDriver.findElementById(RemoteWebDriver.java:417)
	at org.openqa.selenium.By$ById.findElement(By.java:218)
	at org.openqa.selenium.remote.RemoteWebDriver.findElement(RemoteWebDriver.java:360)
	at org.openqa.selenium.support.pagefactory.DefaultElementLocator.findElement(DefaultElementLocator.java:69)
	at org.openqa.selenium.support.pagefactory.internal.LocatingElementHandler.invoke(LocatingElementHandler.java:38)
	at com.sun.proxy.$Proxy7.getTagName(Unknown Source)
	at org.openqa.selenium.support.ui.Select.<init>(Select.java:44)
	at com.orangeHRM.common.pageobjects.LoginAdminPage.leaveApproveByAdmin(LoginAdminPage.java:211)
	at com.orangeHRM.commons.testscripts.TC003_AgainLoginAdminAndUser.verifyApprovalByAdmin(TC003_AgainLoginAdminAndUser.java:42)
	at sun.reflect.NativeMethodAccessorImpl.invoke0(Native Method)
	at sun.reflect.NativeMethodAccessorImpl.invoke(Unknown Source)
	at sun.reflect.DelegatingMethodAccessorImpl.invoke(Unknown Source)
	at java.lang.reflect.Method.invoke(Unknown Source)
	at org.testng.internal.MethodInvocationHelper.invokeMethod(MethodInvocationHelper.java:80)
	at org.testng.internal.Invoker.invokeMethod(Invoker.java:714)
	at org.testng.internal.Invoker.invokeTestMethod(Invoker.java:901)
	at org.testng.internal.Invoker.invokeTestMethods(Invoker.java:1231)
	at org.testng.internal.TestMethodWorker.invokeTestMethods(TestMethodWorker.java:127)
	at org.testng.internal.TestMethodWorker.run(TestMethodWorker.java:111)
	at org.testng.TestRunner.privateRun(TestRunner.java:767)
	at org.testng.TestRunner.run(TestRunner.java:617)
	at org.testng.SuiteRunner.runTest(SuiteRunner.java:334)
	at org.testng.SuiteRunner.runSequentially(SuiteRunner.java:329)
	at org.testng.SuiteRunner.privateRun(SuiteRunner.java:291)
	at org.testng.SuiteRunner.run(SuiteRunner.java:240)
	at org.testng.SuiteRunnerWorker.runSuite(SuiteRunnerWorker.java:52)
	at org.testng.SuiteRunnerWorker.run(SuiteRunnerWorker.java:86)
	at org.testng.TestNG.runSuitesSequentially(TestNG.java:1198)
	at org.testng.TestNG.runSuitesLocally(TestNG.java:1123)
	at org.testng.TestNG.run(TestNG.java:1031)
	at org.testng.remote.AbstractRemoteTestNG.run(AbstractRemoteTestNG.java:132)
	at org.testng.remote.RemoteTestNG.initAndRun(RemoteTestNG.java:230)
	at org.testng.remote.RemoteTestNG.main(RemoteTestNG.java:76)
Caused by: org.openqa.selenium.NoSuchElementException: Unable to locate element: {"method":"id","selector":"select_leave_action_7"}
For documentation on this error, please visit: http://seleniumhq.org/exceptions/no_such_element.html
Build info: version: '3.1.0', revision: 'b94c902', time: '2017-02-16 12:21:31 -0800'
System info: host: 'IND-TJAISWAL', ip: '164.99.138.92', os.name: 'Windows 7', os.arch: 'amd64', os.version: '6.1', java.version: '1.8.0_91'
Driver info: driver.version: unknown
	at <anonymous class>.FirefoxDriver.prototype.findElementInternal_(file:///C:/Users/tjaiswal/AppData/Local/Temp/anonymous2387523738257929753webdriver-profile/extensions/fxdriver@googlecode.com/components/driver-component.js:11223)
	at <anonymous class>.fxdriver.Timer.prototype.setTimeout/<.notify(file:///C:/Users/tjaiswal/AppData/Local/Temp/anonymous2387523738257929753webdriver-profile/extensions/fxdriver@googlecode.com/components/driver-component.js:792)
]]>
            </full-stacktrace>
          </exception> <!-- org.openqa.selenium.NoSuchElementException -->
          <reporter-output>
          </reporter-output>
        </test-method> <!-- verifyApprovalByAdmin -->
        <test-method status="FAIL" signature="verifyApproavlByUser()[pri:0, instance:com.orangeHRM.commons.testscripts.TC003_AgainLoginAdminAndUser@490ab905]" name="verifyApproavlByUser" duration-ms="30075" started-at="2017-08-04T10:37:48Z" finished-at="2017-08-04T10:38:18Z">
          <exception class="org.openqa.selenium.NoSuchElementException">
            <message>
              <![CDATA[Unable to locate element: {"method":"id","selector":"txtUsername"}
Command duration or timeout: 30.07 seconds]]>
            </message>
            <full-stacktrace>
              <![CDATA[org.openqa.selenium.NoSuchElementException: Unable to locate element: {"method":"id","selector":"txtUsername"}
Command duration or timeout: 30.07 seconds
	at sun.reflect.NativeConstructorAccessorImpl.newInstance0(Native Method)
	at sun.reflect.NativeConstructorAccessorImpl.newInstance(Unknown Source)
	at sun.reflect.DelegatingConstructorAccessorImpl.newInstance(Unknown Source)
	at java.lang.reflect.Constructor.newInstance(Unknown Source)
	at org.openqa.selenium.remote.ErrorHandler.createThrowable(ErrorHandler.java:216)
	at org.openqa.selenium.remote.ErrorHandler.throwIfResponseFailed(ErrorHandler.java:168)
	at org.openqa.selenium.remote.RemoteWebDriver.execute(RemoteWebDriver.java:635)
	at org.openqa.selenium.remote.RemoteWebDriver.findElement(RemoteWebDriver.java:368)
	at org.openqa.selenium.remote.RemoteWebDriver.findElementById(RemoteWebDriver.java:417)
	at org.openqa.selenium.By$ById.findElement(By.java:218)
	at org.openqa.selenium.remote.RemoteWebDriver.findElement(RemoteWebDriver.java:360)
	at org.openqa.selenium.support.pagefactory.DefaultElementLocator.findElement(DefaultElementLocator.java:69)
	at org.openqa.selenium.support.pagefactory.internal.LocatingElementHandler.invoke(LocatingElementHandler.java:38)
	at com.sun.proxy.$Proxy7.clear(Unknown Source)
	at com.orangeHRM.common.pageobjects.LoginUserPage.loginWithUserCredentials(LoginUserPage.java:72)
	at com.orangeHRM.commons.testscripts.TC003_AgainLoginAdminAndUser.verifyApproavlByUser(TC003_AgainLoginAdminAndUser.java:54)
	at sun.reflect.NativeMethodAccessorImpl.invoke0(Native Method)
	at sun.reflect.NativeMethodAccessorImpl.invoke(Unknown Source)
	at sun.reflect.DelegatingMethodAccessorImpl.invoke(Unknown Source)
	at java.lang.reflect.Method.invoke(Unknown Source)
	at org.testng.internal.MethodInvocationHelper.invokeMethod(MethodInvocationHelper.java:80)
	at org.testng.internal.Invoker.invokeMethod(Invoker.java:714)
	at org.testng.internal.Invoker.invokeTestMethod(Invoker.java:901)
	at org.testng.internal.Invoker.invokeTestMethods(Invoker.java:1231)
	at org.testng.internal.TestMethodWorker.invokeTestMethods(TestMethodWorker.java:127)
	at org.testng.internal.TestMethodWorker.run(TestMethodWorker.java:111)
	at org.testng.TestRunner.privateRun(TestRunner.java:767)
	at org.testng.TestRunner.run(TestRunner.java:617)
	at org.testng.SuiteRunner.runTest(SuiteRunner.java:334)
	at org.testng.SuiteRunner.runSequentially(SuiteRunner.java:329)
	at org.testng.SuiteRunner.privateRun(SuiteRunner.java:291)
	at org.testng.SuiteRunner.run(SuiteRunner.java:240)
	at org.testng.SuiteRunnerWorker.runSuite(SuiteRunnerWorker.java:52)
	at org.testng.SuiteRunnerWorker.run(SuiteRunnerWorker.java:86)
	at org.testng.TestNG.runSuitesSequentially(TestNG.java:1198)
	at org.testng.TestNG.runSuitesLocally(TestNG.java:1123)
	at org.testng.TestNG.run(TestNG.java:1031)
	at org.testng.remote.AbstractRemoteTestNG.run(AbstractRemoteTestNG.java:132)
	at org.testng.remote.RemoteTestNG.initAndRun(RemoteTestNG.java:230)
	at org.testng.remote.RemoteTestNG.main(RemoteTestNG.java:76)
Caused by: org.openqa.selenium.NoSuchElementException: Unable to locate element: {"method":"id","selector":"txtUsername"}
For documentation on this error, please visit: http://seleniumhq.org/exceptions/no_such_element.html
Build info: version: '3.1.0', revision: 'b94c902', time: '2017-02-16 12:21:31 -0800'
System info: host: 'IND-TJAISWAL', ip: '164.99.138.92', os.name: 'Windows 7', os.arch: 'amd64', os.version: '6.1', java.version: '1.8.0_91'
Driver info: driver.version: unknown
	at <anonymous class>.FirefoxDriver.prototype.findElementInternal_(file:///C:/Users/tjaiswal/AppData/Local/Temp/anonymous2387523738257929753webdriver-profile/extensions/fxdriver@googlecode.com/components/driver-component.js:11223)
	at <anonymous class>.fxdriver.Timer.prototype.setTimeout/<.notify(file:///C:/Users/tjaiswal/AppData/Local/Temp/anonymous2387523738257929753webdriver-profile/extensions/fxdriver@googlecode.com/components/driver-component.js:792)
]]>
            </full-stacktrace>
          </exception> <!-- org.openqa.selenium.NoSuchElementException -->
          <reporter-output>
          </reporter-output>
        </test-method> <!-- verifyApproavlByUser -->
        <test-method status="PASS" signature="closeDriver()[pri:0, instance:com.orangeHRM.commons.testscripts.TC003_AgainLoginAdminAndUser@490ab905]" name="closeDriver" is-config="true" duration-ms="27" started-at="2017-08-04T10:38:18Z" finished-at="2017-08-04T10:38:18Z">
          <reporter-output>
          </reporter-output>
        </test-method> <!-- closeDriver -->
      </class> <!-- com.orangeHRM.commons.testscripts.TC003_AgainLoginAdminAndUser -->
    </test> <!-- Test2 -->
  </suite> <!-- Suite -->
</testng-results>
